This is pdfTeX, Version 3.14159265-2.6-1.40.17 (TeX Live 2016) (preloaded format=pdflatex 2016.5.22)  3 NOV 2016 23:20
entering extended mode
 restricted \write18 enabled.
 %&-line parsing enabled.
**Writeup.tex
(./Writeup.tex
LaTeX2e <2016/03/31>
Babel <3.9r> and hyphenation patterns for 83 language(s) loaded.
(/usr/local/texlive/2016/texmf-dist/tex/latex/base/article.cls
Document Class: article 2014/09/29 v1.4h Standard LaTeX document class
(/usr/local/texlive/2016/texmf-dist/tex/latex/base/size11.clo
File: size11.clo 2014/09/29 v1.4h Standard LaTeX file (size option)
)
\c@part=\count79
\c@section=\count80
\c@subsection=\count81
\c@subsubsection=\count82
\c@paragraph=\count83
\c@subparagraph=\count84
\c@figure=\count85
\c@table=\count86
\abovecaptionskip=\skip41
\belowcaptionskip=\skip42
\bibindent=\dimen102
)
(/usr/local/texlive/2016/texmf-dist/tex/latex/amsfonts/amsfonts.sty
Package: amsfonts 2013/01/14 v3.01 Basic AMSFonts support
\@emptytoks=\toks14
\symAMSa=\mathgroup4
\symAMSb=\mathgroup5
LaTeX Font Info:    Overwriting math alphabet `\mathfrak' in version `bold'
(Font)                  U/euf/m/n --> U/euf/b/n on input line 106.
)
(/usr/local/texlive/2016/texmf-dist/tex/latex/amsmath/amsmath.sty
Package: amsmath 2016/03/10 v2.15b AMS math features
\@mathmargin=\skip43

For additional information on amsmath, use the `?' option.
(/usr/local/texlive/2016/texmf-dist/tex/latex/amsmath/amstext.sty
Package: amstext 2000/06/29 v2.01 AMS text

(/usr/local/texlive/2016/texmf-dist/tex/latex/amsmath/amsgen.sty
File: amsgen.sty 1999/11/30 v2.0 generic functions
\@emptytoks=\toks15
\ex@=\dimen103
))
(/usr/local/texlive/2016/texmf-dist/tex/latex/amsmath/amsbsy.sty
Package: amsbsy 1999/11/29 v1.2d Bold Symbols
\pmbraise@=\dimen104
)
(/usr/local/texlive/2016/texmf-dist/tex/latex/amsmath/amsopn.sty
Package: amsopn 2016/03/08 v2.02 operator names
)
\inf@bad=\count87
LaTeX Info: Redefining \frac on input line 199.
\uproot@=\count88
\leftroot@=\count89
LaTeX Info: Redefining \overline on input line 297.
\classnum@=\count90
\DOTSCASE@=\count91
LaTeX Info: Redefining \ldots on input line 394.
LaTeX Info: Redefining \dots on input line 397.
LaTeX Info: Redefining \cdots on input line 518.
\Mathstrutbox@=\box26
\strutbox@=\box27
\big@size=\dimen105
LaTeX Font Info:    Redeclaring font encoding OML on input line 634.
LaTeX Font Info:    Redeclaring font encoding OMS on input line 635.
\macc@depth=\count92
\c@MaxMatrixCols=\count93
\dotsspace@=\muskip10
\c@parentequation=\count94
\dspbrk@lvl=\count95
\tag@help=\toks16
\row@=\count96
\column@=\count97
\maxfields@=\count98
\andhelp@=\toks17
\eqnshift@=\dimen106
\alignsep@=\dimen107
\tagshift@=\dimen108
\tagwidth@=\dimen109
\totwidth@=\dimen110
\lineht@=\dimen111
\@envbody=\toks18
\multlinegap=\skip44
\multlinetaggap=\skip45
\mathdisplay@stack=\toks19
LaTeX Info: Redefining \[ on input line 2739.
LaTeX Info: Redefining \] on input line 2740.
)
(/usr/local/texlive/2016/texmf-dist/tex/latex/base/latexsym.sty
Package: latexsym 1998/08/17 v2.2e Standard LaTeX package (lasy symbols)
\symlasy=\mathgroup6
LaTeX Font Info:    Overwriting symbol font `lasy' in version `bold'
(Font)                  U/lasy/m/n --> U/lasy/b/n on input line 52.
)
(/usr/local/texlive/2016/texmf-dist/tex/latex/preprint/fullpage.sty
Package: fullpage 1999/02/23 1.1 (PWD)
\FP@margin=\skip46
)
(/usr/local/texlive/2016/texmf-dist/tex/latex/graphics/graphicx.sty
Package: graphicx 2014/10/28 v1.0g Enhanced LaTeX Graphics (DPC,SPQR)

(/usr/local/texlive/2016/texmf-dist/tex/latex/graphics/keyval.sty
Package: keyval 2014/10/28 v1.15 key=value parser (DPC)
\KV@toks@=\toks20
)
(/usr/local/texlive/2016/texmf-dist/tex/latex/graphics/graphics.sty
Package: graphics 2016/05/09 v1.0r Standard LaTeX Graphics (DPC,SPQR)

(/usr/local/texlive/2016/texmf-dist/tex/latex/graphics/trig.sty
Package: trig 2016/01/03 v1.10 sin cos tan (DPC)
)
(/usr/local/texlive/2016/texmf-dist/tex/latex/graphics-cfg/graphics.cfg
File: graphics.cfg 2016/01/02 v1.10 sample graphics configuration
)
Package graphics Info: Driver file: pdftex.def on input line 96.

(/usr/local/texlive/2016/texmf-dist/tex/latex/pdftex-def/pdftex.def
File: pdftex.def 2011/05/27 v0.06d Graphics/color for pdfTeX

(/usr/local/texlive/2016/texmf-dist/tex/generic/oberdiek/infwarerr.sty
Package: infwarerr 2016/05/16 v1.4 Providing info/warning/error messages (HO)
)
(/usr/local/texlive/2016/texmf-dist/tex/generic/oberdiek/ltxcmds.sty
Package: ltxcmds 2016/05/16 v1.23 LaTeX kernel commands for general use (HO)
)
\Gread@gobject=\count99
))
\Gin@req@height=\dimen112
\Gin@req@width=\dimen113
)
(/usr/local/texlive/2016/texmf-dist/tex/latex/caption/caption.sty
Package: caption 2016/02/21 v3.3-144 Customizing captions (AR)

(/usr/local/texlive/2016/texmf-dist/tex/latex/caption/caption3.sty
Package: caption3 2016/02/04 v1.7-139 caption3 kernel (AR)
Package caption3 Info: TeX engine: e-TeX on input line 67.
\captionmargin=\dimen114
\captionmargin@=\dimen115
\captionwidth=\dimen116
\caption@tempdima=\dimen117
\caption@indent=\dimen118
\caption@parindent=\dimen119
\caption@hangindent=\dimen120
)
\c@ContinuedFloat=\count100
)
(/usr/local/texlive/2016/texmf-dist/tex/latex/caption/subcaption.sty
Package: subcaption 2016/02/20 v1.1-142 Sub-captions (AR)
\c@subfigure=\count101
\c@subtable=\count102
)
(/usr/local/texlive/2016/texmf-dist/tex/latex/float/float.sty
Package: float 2001/11/08 v1.3d Float enhancements (AL)
\c@float@type=\count103
\float@exts=\toks21
\float@box=\box28
\@float@everytoks=\toks22
\@floatcapt=\box29
) (./Writeup.aux

LaTeX Warning: Label `fig5' multiply defined.


LaTeX Warning: Label `fig5' multiply defined.


LaTeX Warning: Label `fig5' multiply defined.


LaTeX Warning: Label `fig5' multiply defined.


LaTeX Warning: Label `fig5' multiply defined.

)
\openout1 = `Writeup.aux'.

LaTeX Font Info:    Checking defaults for OML/cmm/m/it on input line 15.
LaTeX Font Info:    ... okay on input line 15.
LaTeX Font Info:    Checking defaults for T1/cmr/m/n on input line 15.
LaTeX Font Info:    ... okay on input line 15.
LaTeX Font Info:    Checking defaults for OT1/cmr/m/n on input line 15.
LaTeX Font Info:    ... okay on input line 15.
LaTeX Font Info:    Checking defaults for OMS/cmsy/m/n on input line 15.
LaTeX Font Info:    ... okay on input line 15.
LaTeX Font Info:    Checking defaults for OMX/cmex/m/n on input line 15.
LaTeX Font Info:    ... okay on input line 15.
LaTeX Font Info:    Checking defaults for U/cmr/m/n on input line 15.
LaTeX Font Info:    ... okay on input line 15.
 (/usr/local/texlive/2016/texmf-dist/tex/context/base/mkii/supp-pdf.mkii
[Loading MPS to PDF converter (version 2006.09.02).]
\scratchcounter=\count104
\scratchdimen=\dimen121
\scratchbox=\box30
\nofMPsegments=\count105
\nofMParguments=\count106
\everyMPshowfont=\toks23
\MPscratchCnt=\count107
\MPscratchDim=\dimen122
\MPnumerator=\count108
\makeMPintoPDFobject=\count109
\everyMPtoPDFconversion=\toks24
) (/usr/local/texlive/2016/texmf-dist/tex/generic/oberdiek/pdftexcmds.sty
Package: pdftexcmds 2016/05/10 v0.21 Utility functions of pdfTeX for LuaTeX (HO
)

(/usr/local/texlive/2016/texmf-dist/tex/generic/oberdiek/ifluatex.sty
Package: ifluatex 2016/05/16 v1.4 Provides the ifluatex switch (HO)
Package ifluatex Info: LuaTeX not detected.
)
(/usr/local/texlive/2016/texmf-dist/tex/generic/oberdiek/ifpdf.sty
Package: ifpdf 2016/05/14 v3.1 Provides the ifpdf switch
)
Package pdftexcmds Info: LuaTeX not detected.
Package pdftexcmds Info: \pdf@primitive is available.
Package pdftexcmds Info: \pdf@ifprimitive is available.
Package pdftexcmds Info: \pdfdraftmode found.
)
(/usr/local/texlive/2016/texmf-dist/tex/latex/oberdiek/epstopdf-base.sty
Package: epstopdf-base 2016/05/15 v2.6 Base part for package epstopdf

(/usr/local/texlive/2016/texmf-dist/tex/latex/oberdiek/grfext.sty
Package: grfext 2016/05/16 v1.2 Manage graphics extensions (HO)

(/usr/local/texlive/2016/texmf-dist/tex/generic/oberdiek/kvdefinekeys.sty
Package: kvdefinekeys 2016/05/16 v1.4 Define keys (HO)
))
(/usr/local/texlive/2016/texmf-dist/tex/latex/oberdiek/kvoptions.sty
Package: kvoptions 2016/05/16 v3.12 Key value format for package options (HO)

(/usr/local/texlive/2016/texmf-dist/tex/generic/oberdiek/kvsetkeys.sty
Package: kvsetkeys 2016/05/16 v1.17 Key value parser (HO)

(/usr/local/texlive/2016/texmf-dist/tex/generic/oberdiek/etexcmds.sty
Package: etexcmds 2016/05/16 v1.6 Avoid name clashes with e-TeX commands (HO)
Package etexcmds Info: Could not find \expanded.
(etexcmds)             That can mean that you are not using pdfTeX 1.50 or
(etexcmds)             that some package has redefined \expanded.
(etexcmds)             In the latter case, load this package earlier.
)))
Package grfext Info: Graphics extension search list:
(grfext)             [.png,.pdf,.jpg,.mps,.jpeg,.jbig2,.jb2,.PNG,.PDF,.JPG,.JPE
G,.JBIG2,.JB2,.eps]
(grfext)             \AppendGraphicsExtensions on input line 456.

(/usr/local/texlive/2016/texmf-dist/tex/latex/latexconfig/epstopdf-sys.cfg
File: epstopdf-sys.cfg 2010/07/13 v1.3 Configuration of (r)epstopdf for TeX Liv
e
))
Package caption Info: Begin \AtBeginDocument code.
Package caption Info: float package is loaded.
Package caption Info: End \AtBeginDocument code.
LaTeX Font Info:    Try loading font information for U+msa on input line 16.

(/usr/local/texlive/2016/texmf-dist/tex/latex/amsfonts/umsa.fd
File: umsa.fd 2013/01/14 v3.01 AMS symbols A
)
LaTeX Font Info:    Try loading font information for U+msb on input line 16.

(/usr/local/texlive/2016/texmf-dist/tex/latex/amsfonts/umsb.fd
File: umsb.fd 2013/01/14 v3.01 AMS symbols B
)
LaTeX Font Info:    Try loading font information for U+lasy on input line 16.

(/usr/local/texlive/2016/texmf-dist/tex/latex/base/ulasy.fd
File: ulasy.fd 1998/08/17 v2.2e LaTeX symbol font definitions
)
<assign2/torch/mnist100.png, id=1, 204.765pt x 580.1675pt>
File: assign2/torch/mnist100.png Graphic file (type png)

<use assign2/torch/mnist100.png>
Package pdftex.def Info: assign2/torch/mnist100.png used on input line 22.
(pdftex.def)             Requested size: 102.38223pt x 290.08302pt.

<assign2/torch/cifar100.png, id=2, 204.765pt x 580.1675pt>
File: assign2/torch/cifar100.png Graphic file (type png)

<use assign2/torch/cifar100.png>
Package pdftex.def Info: assign2/torch/cifar100.png used on input line 27.
(pdftex.def)             Requested size: 102.38223pt x 290.08302pt.

Overfull \hbox (2.43332pt too wide) in paragraph at lines 20--30
[]$[]$ $[]$ 
 []

<assign2/torch/output1000.png, id=3, 997.7275pt x 165.61874pt>
File: assign2/torch/output1000.png Graphic file (type png)

<use assign2/torch/output1000.png>
Package pdftex.def Info: assign2/torch/output1000.png used on input line 35.
(pdftex.def)             Requested size: 498.86252pt x 82.80916pt.

Overfull \hbox (29.1075pt too wide) in paragraph at lines 35--36
 [][] 
 []

<assign2/torch/output50.png, id=5, 991.705pt x 166.6225pt>
File: assign2/torch/output50.png Graphic file (type png)

<use assign2/torch/output50.png>
Package pdftex.def Info: assign2/torch/output50.png used on input line 41.
(pdftex.def)             Requested size: 495.85129pt x 83.31104pt.

Overfull \hbox (26.09627pt too wide) in paragraph at lines 41--42
 [][] 
 []

[1

{/usr/local/texlive/2016/texmf-var/fonts/map/pdftex/updmap/pdftex.map} <./assig
n2/torch/mnist100.png (PNG copy)> <./assign2/torch/cifar100.png (PNG copy)> <./
assign2/torch/output1000.png>]
<assign2/torch/weight_1000.png, id=15, 180.675pt x 60.225pt>
File: assign2/torch/weight_1000.png Graphic file (type png)

<use assign2/torch/weight_1000.png>
Package pdftex.def Info: assign2/torch/weight_1000.png used on input line 48.
(pdftex.def)             Requested size: 180.67455pt x 60.22484pt.

<assign2/torch/weight_50.png, id=16, 180.675pt x 60.225pt>
File: assign2/torch/weight_50.png Graphic file (type png)

<use assign2/torch/weight_50.png>
Package pdftex.def Info: assign2/torch/weight_50.png used on input line 53.
(pdftex.def)             Requested size: 180.67455pt x 60.22484pt.

Overfull \hbox (2.43332pt too wide) in paragraph at lines 46--56
[]$[]$ $[]$ 
 []

<assign2/torch/weight50-1000.png, id=17, 985.6825pt x 168.63pt>
File: assign2/torch/weight50-1000.png Graphic file (type png)

<use assign2/torch/weight50-1000.png>
Package pdftex.def Info: assign2/torch/weight50-1000.png used on input line 59.

(pdftex.def)             Requested size: 492.84004pt x 84.31479pt.

Overfull \hbox (23.08502pt too wide) in paragraph at lines 59--60
 [][] 
 []

<assign2/torch/outputLRpoint1.png, id=18, 946.53625pt x 165.61874pt>
File: assign2/torch/outputLRpoint1.png Graphic file (type png)

<use assign2/torch/outputLRpoint1.png>
Package pdftex.def Info: assign2/torch/outputLRpoint1.png used on input line 67
.
(pdftex.def)             Requested size: 473.26697pt x 82.80916pt.

Overfull \hbox (3.51195pt too wide) in paragraph at lines 67--68
 [][] 
 []

<assign2/torch/outputLR10.png, id=19, 992.70876pt x 167.62625pt>
File: assign2/torch/outputLR10.png Graphic file (type png)

<use assign2/torch/outputLR10.png>
Package pdftex.def Info: assign2/torch/outputLR10.png used on input line 74.
(pdftex.def)             Requested size: 496.35316pt x 83.81291pt.

Overfull \hbox (26.59814pt too wide) in paragraph at lines 74--75
 [][] 
 []

[2 <./assign2/torch/output50.png> <./assign2/torch/weight_1000.png (PNG copy)> 
<./assign2/torch/weight_50.png (PNG copy)> <./assign2/torch/weight50-1000.png> 
<./assign2/torch/outputLRpoint1.png>]
<assign2/torch/outputCNN.png, id=26, 968.61874pt x 319.1925pt>
File: assign2/torch/outputCNN.png Graphic file (type png)

<use assign2/torch/outputCNN.png>
Package pdftex.def Info: assign2/torch/outputCNN.png used on input line 82.
(pdftex.def)             Requested size: 484.30818pt x 159.59586pt.

Overfull \hbox (14.55316pt too wide) in paragraph at lines 82--83
 [][] 
 []

<assign2/torch/weightCNN.png, id=27, 423.5825pt x 212.795pt>
File: assign2/torch/weightCNN.png Graphic file (type png)

<use assign2/torch/weightCNN.png>
Package pdftex.def Info: assign2/torch/weightCNN.png used on input line 88.
(pdftex.def)             Requested size: 211.79073pt x 106.39723pt.
 [3 <./assign2/torch/outputLR10.png> <./assign2/torch/outputCNN.png> <./assign2
/torch/weightCNN.png>] [4] (./Writeup.aux)

LaTeX Warning: There were multiply-defined labels.

 ) 
Here is how much of TeX's memory you used:
 3439 strings out of 493014
 52838 string characters out of 6133351
 113785 words of memory out of 5000000
 6924 multiletter control sequences out of 15000+600000
 10556 words of font info for 43 fonts, out of 8000000 for 9000
 1141 hyphenation exceptions out of 8191
 38i,9n,39p,429b,480s stack positions out of 5000i,500n,10000p,200000b,80000s
</usr/local/texlive/2016/texmf-dist/fonts/type1/public/amsfonts/cm/cmr10.pfb>
</usr/local/texlive/2016/texmf-dist/fonts/type1/public/amsfonts/cm/cmr12.pfb></
usr/local/texlive/2016/texmf-dist/fonts/type1/public/amsfonts/cm/cmr17.pfb>
Output written on Writeup.pdf (4 pages, 861360 bytes).
PDF statistics:
 48 PDF objects out of 1000 (max. 8388607)
 20 compressed objects within 1 object stream
 0 named destinations out of 1000 (max. 500000)
 56 words of extra memory for PDF output out of 10000 (max. 10000000)

